<?xml version="1.0" encoding="UTF-8"?>
<!-- Generated by org.testng.reporters.JUnitXMLReporter -->
<testsuite ignored="0" hostname="DELL" failures="0" tests="3" name="Surefire test" time="105.988" errors="0" timestamp="2021-08-30T18:06:04 IST">
  <testcase classname="Samsung.GalaxyS10.officeTest" name="performOffice" time="30.612"/>
  <testcase classname="Samsung.GalaxyS10.windowsTest" name="performWindows" time="45.625"/>
  <testcase classname="Samsung.GalaxyS10.xBoxTest" name="performOffice" time="26.73"/>
</testsuite> <!-- Surefire test -->
