<?xml version="1.0" encoding="UTF-8"?>
<testsuite xmlns:xsi="http://www.w3.org/2001/XMLSchema-instance" xsi:noNamespaceSchemaLocation="https://maven.apache.org/surefire/maven-surefire-plugin/xsd/surefire-test-report.xsd" name="TestSuite" time="55.616" tests="2" errors="0" skipped="0" failures="0">
  <properties>
[...]
</properties>
  <testcase name="performOffice" classname="Samsung.GalaxyS10.officeTest" time="22.995"/>
  <testcase name="performOffice" classname="Samsung.GalaxyS10.xBoxTest" time="27.51"/>
</testsuite>