<?xml version="1.0" encoding="UTF-8"?>
<testng-results ignored="0" total="2" passed="2" failed="0" skipped="0">
  <reporter-output>
  </reporter-output>
  <suite started-at="2021-08-30T18:09:22 IST" name="Suite" finished-at="2021-08-30T18:10:15 IST" duration-ms="53153">
    <groups>
    </groups>
    <test started-at="2021-08-30T18:09:22 IST" name="Test" finished-at="2021-08-30T18:10:15 IST" duration-ms="53153">
      <class name="Samsung.GalaxyS10.xBoxTest">
        <test-method signature="performOffice()[pri:0, instance:Samsung.GalaxyS10.xBoxTest@671a5887]" started-at="2021-08-30T18:09:45 IST" name="performOffice" finished-at="2021-08-30T18:10:13 IST" duration-ms="27509" status="PASS">
          <reporter-output>
          </reporter-output>
        </test-method> <!-- performOffice -->
        <test-method is-config="true" signature="afterclassMethod()[pri:0, instance:Samsung.GalaxyS10.xBoxTest@671a5887]" started-at="2021-08-30T18:10:13 IST" name="afterclassMethod" finished-at="2021-08-30T18:10:15 IST" duration-ms="2134" status="PASS">
          <reporter-output>
          </reporter-output>
        </test-method> <!-- afterclassMethod -->
      </class> <!-- Samsung.GalaxyS10.xBoxTest -->
      <class name="Samsung.GalaxyS10.officeTest">
        <test-method signature="performOffice()[pri:0, instance:Samsung.GalaxyS10.officeTest@5f8edcc5]" started-at="2021-08-30T18:09:22 IST" name="performOffice" finished-at="2021-08-30T18:09:45 IST" duration-ms="22965" status="PASS">
          <reporter-output>
          </reporter-output>
        </test-method> <!-- performOffice -->
        <test-method is-config="true" signature="afterclassMethod()[pri:0, instance:Samsung.GalaxyS10.officeTest@5f8edcc5]" started-at="2021-08-30T18:09:45 IST" name="afterclassMethod" finished-at="2021-08-30T18:09:45 IST" duration-ms="401" status="PASS">
          <reporter-output>
          </reporter-output>
        </test-method> <!-- afterclassMethod -->
      </class> <!-- Samsung.GalaxyS10.officeTest -->
    </test> <!-- Test -->
  </suite> <!-- Suite -->
</testng-results>
